root@116c80647dce:/var/www/html/simple_memo_laravel# npm install && npm run dev

npm WARN deprecated axios@0.19.2: Critical security vulnerability fixed in v0.21.1. For more information, see https://github.com/axios/axios/pull/3410
npm WARN deprecated chokidar@2.1.8: Chokidar 2 does not receive security updates since 2019. Upgrade to chokidar 3 with 15x fewer dependencies
npm WARN deprecated fsevents@1.2.13: fsevents 1 will break on node v14+ and could be using insecure binaries. Upgrade to fsevents 2.
npm WARN deprecated urix@0.1.0: Please see https://github.com/lydell/urix#deprecated
npm WARN deprecated source-map-resolve@0.5.3: See https://github.com/lydell/source-map-resolve#deprecated
npm WARN deprecated querystring@0.2.0: The querystring API is considered Legacy. new code should use the URLSearchParams API instead.
npm WARN deprecated uuid@3.4.0: Please upgrade  to version 7 or higher.  Older versions may use Math.random() in certain circumstances, which is known to be problematic.  See https://v8.dev/blog/math-random for details.
npm WARN deprecated source-map-url@0.4.1: See https://github.com/lydell/source-map-url#deprecated
npm WARN deprecated resolve-url@0.2.1: https://github.com/lydell/resolve-url#deprecated
npm WARN deprecated svgo@1.3.2: This SVGO version is no longer supported. Upgrade to v2.x.x.
npm WARN deprecated stable@0.1.8: Modern JS already guarantees Array#sort() is a stable sort, so this library is deprecated. See the compatibility table on MDN: https://developer.mozilla.org/en-US/docs/Web/JavaScript/Reference/Global_Objects/Array/sort#browser_compatibility

> es5-ext@0.10.62 postinstall /var/www/html/simple_memo_laravel/node_modules/es5-ext
>  node -e "try{require('./_postinstall')}catch(e){}" || exit 0

npm notice created a lockfile as package-lock.json. You should commit this file.
npm WARN optional SKIPPING OPTIONAL DEPENDENCY: fsevents@^1.2.7 (node_modules/chokidar/node_modules/fsevents):
npm WARN notsup SKIPPING OPTIONAL DEPENDENCY: Unsupported platform for fsevents@1.2.13: wanted {"os":"darwin","arch":"any"} (current: {"os":"linux","arch":"arm64"})
npm WARN optional SKIPPING OPTIONAL DEPENDENCY: fsevents@~2.3.2 (node_modules/watchpack/node_modules/chokidar/node_modules/fsevents):
npm WARN notsup SKIPPING OPTIONAL DEPENDENCY: Unsupported platform for fsevents@2.3.2: wanted {"os":"darwin","arch":"any"} (current: {"os":"linux","arch":"arm64"})
npm WARN optional SKIPPING OPTIONAL DEPENDENCY: fsevents@~2.3.2 (node_modules/sass/node_modules/chokidar/node_modules/fsevents):
npm WARN notsup SKIPPING OPTIONAL DEPENDENCY: Unsupported platform for fsevents@2.3.2: wanted {"os":"darwin","arch":"any"} (current: {"os":"linux","arch":"arm64"})
npm WARN sass-loader@11.1.1 requires a peer of webpack@^5.0.0 but none is installed. You must install peer dependencies yourself.

added 1161 packages from 499 contributors and audited 1165 packages in 98.004s

88 packages are looking for funding
  run `npm fund` for details

found 24 vulnerabilities (2 low, 11 moderate, 11 high)
  run `npm audit fix` to fix them, or `npm audit` for details

> @ dev /var/www/html/simple_memo_laravel
> npm run development


> @ development /var/www/html/simple_memo_laravel
> cross-env NODE_ENV=development node_modules/webpack/bin/webpack.js --progress --hide-modules --config=node_modules/laravel-mix/setup/webpack.config.js

/var/www/html/simple_memo_laravel/node_modules/webpack-cli/bin/cli.js:93
				throw err;
				^

AssertionError [ERR_ASSERTION]: mix.js() is missing required parameter 1: entry
    at Function.js (/var/www/html/simple_memo_laravel/node_modules/laravel-mix/src/Assert.js:13:9)
    at JavaScript.register (/var/www/html/simple_memo_laravel/node_modules/laravel-mix/src/components/JavaScript.js:40:16)
    at Api.mix.<computed> [as vue] (/var/www/html/simple_memo_laravel/node_modules/laravel-mix/src/components/ComponentFactory.js:98:53)
    at Object.<anonymous> (/var/www/html/simple_memo_laravel/webpack.mix.js:15:6)
    at Module._compile (/var/www/html/simple_memo_laravel/node_modules/v8-compile-cache/v8-compile-cache.js:192:30)
    at Object.Module._extensions..js (internal/modules/cjs/loader.js:1027:10)
    at Module.load (internal/modules/cjs/loader.js:863:32)
    at Function.Module._load (internal/modules/cjs/loader.js:708:14)
    at Module.require (internal/modules/cjs/loader.js:887:19)
    at require (/var/www/html/simple_memo_laravel/node_modules/v8-compile-cache/v8-compile-cache.js:159:20)
    at Object.<anonymous> (/var/www/html/simple_memo_laravel/node_modules/laravel-mix/setup/webpack.config.js:12:1)
    at Module._compile (/var/www/html/simple_memo_laravel/node_modules/v8-compile-cache/v8-compile-cache.js:192:30)
    at Object.Module._extensions..js (internal/modules/cjs/loader.js:1027:10)
    at Module.load (internal/modules/cjs/loader.js:863:32)
    at Function.Module._load (internal/modules/cjs/loader.js:708:14)
    at Module.require (internal/modules/cjs/loader.js:887:19)
    at require (/var/www/html/simple_memo_laravel/node_modules/v8-compile-cache/v8-compile-cache.js:159:20)
    at WEBPACK_OPTIONS (/var/www/html/simple_memo_laravel/node_modules/webpack-cli/bin/utils/convert-argv.js:114:13)
    at requireConfig (/var/www/html/simple_memo_laravel/node_modules/webpack-cli/bin/utils/convert-argv.js:116:6)
    at /var/www/html/simple_memo_laravel/node_modules/webpack-cli/bin/utils/convert-argv.js:123:17
    at Array.forEach (<anonymous>)
    at module.exports (/var/www/html/simple_memo_laravel/node_modules/webpack-cli/bin/utils/convert-argv.js:121:15)
    at /var/www/html/simple_memo_laravel/node_modules/webpack-cli/bin/cli.js:71:45
    at Object.parse (/var/www/html/simple_memo_laravel/node_modules/webpack-cli/node_modules/yargs/yargs.js:576:18)
    at /var/www/html/simple_memo_laravel/node_modules/webpack-cli/bin/cli.js:49:8
    at Object.<anonymous> (/var/www/html/simple_memo_laravel/node_modules/webpack-cli/bin/cli.js:366:3)
    at Module._compile (internal/modules/cjs/loader.js:999:30)
    at Object.Module._extensions..js (internal/modules/cjs/loader.js:1027:10)
    at Module.load (internal/modules/cjs/loader.js:863:32)
    at Function.Module._load (internal/modules/cjs/loader.js:708:14) {
  generatedMessage: false,
  code: 'ERR_ASSERTION',
  actual: false,
  expected: true,
  operator: '=='
}
npm ERR! code ELIFECYCLE
npm ERR! errno 1
npm ERR! @ development: `cross-env NODE_ENV=development node_modules/webpack/bin/webpack.js --progress --hide-modules --config=node_modules/laravel-mix/setup/webpack.config.js`
npm ERR! Exit status 1
npm ERR! 
npm ERR! Failed at the @ development script.
npm ERR! This is probably not a problem with npm. There is likely additional logging output above.

npm ERR! A complete log of this run can be found in:
npm ERR!     /root/.npm/_logs/2023-03-07T03_19_50_560Z-debug.log
npm ERR! code ELIFECYCLE
npm ERR! errno 1
npm ERR! @ dev: `npm run development`
npm ERR! Exit status 1
npm ERR! 
npm ERR! Failed at the @ dev script.
npm ERR! This is probably not a problem with npm. There is likely additional logging output above.

npm ERR! A complete log of this run can be found in:
npm ERR!     /root/.npm/_logs/2023-03-07T03_19_50_578Z-debug.log

root@116c80647dce:/var/www/html/simple_memo_laravel#
